<?xml version="1.0" encoding="UTF-8"?>
<testsuite xmlns:xsi="http://www.w3.org/2001/XMLSchema-instance" xsi:noNamespaceSchemaLocation="https://maven.apache.org/surefire/maven-surefire-plugin/xsd/surefire-test-report-3.0.xsd" version="3.0" name="com.example.demo.DemoApplicationTests" time="0.217" tests="1" errors="0" skipped="0" failures="0">
  <properties>
[...]
</properties>
  <testcase name="contextLoads" classname="com.example.demo.DemoApplicationTests" time="0.001">
    <system-out><![CDATA[2026-03-28T14:59:04.953+01:00  INFO 45609 --- [demo] [           main] t.c.s.AnnotationConfigContextLoaderUtils : Could not detect default configuration classes for test class [com.example.demo.DemoApplicationTests]: DemoApplicationTests does not declare any static, non-private, non-final, nested classes annotated with @Configuration.
2026-03-28T14:59:04.955+01:00  INFO 45609 --- [demo] [           main] .b.t.c.SpringBootTestContextBootstrapper : Found @SpringBootConfiguration com.example.demo.DemoApplication for test class com.example.demo.DemoApplicationTests

  .   ____          _            __ _ _
 /\\ / ___'_ __ _ _(_)_ __  __ _ \ \ \ \
( ( )\___ | '_ | '_| | '_ \/ _` | \ \ \ \
 \\/  ___)| |_)| | | | | || (_| |  ) ) ) )
  '  |____| .__|_| |_|_| |_\__, | / / / /
 =========|_|==============|___/=/_/_/_/

 :: Spring Boot ::                (v3.3.6)

2026-03-28T14:59:04.965+01:00  INFO 45609 --- [demo] [           main] com.example.demo.DemoApplicationTests    : Starting DemoApplicationTests using Java 21.0.1 with PID 45609 (started by jakub in /Users/jakub/Documents/Projekty_cloude/demo)
2026-03-28T14:59:04.965+01:00  INFO 45609 --- [demo] [           main] com.example.demo.DemoApplicationTests    : No active profile set, falling back to 1 default profile: "default"
2026-03-28T14:59:05.010+01:00  INFO 45609 --- [demo] [           main] .s.d.r.c.RepositoryConfigurationDelegate : Bootstrapping Spring Data JPA repositories in DEFAULT mode.
2026-03-28T14:59:05.014+01:00  INFO 45609 --- [demo] [           main] .s.d.r.c.RepositoryConfigurationDelegate : Finished Spring Data repository scanning in 3 ms. Found 2 JPA repository interfaces.
2026-03-28T14:59:05.037+01:00  INFO 45609 --- [demo] [           main] com.zaxxer.hikari.HikariDataSource       : HikariPool-2 - Starting...
2026-03-28T14:59:05.038+01:00  INFO 45609 --- [demo] [           main] com.zaxxer.hikari.pool.HikariPool        : HikariPool-2 - Added connection conn10: url=jdbc:h2:mem:product_catalog user=SA
2026-03-28T14:59:05.038+01:00  INFO 45609 --- [demo] [           main] com.zaxxer.hikari.HikariDataSource       : HikariPool-2 - Start completed.
2026-03-28T14:59:05.038+01:00  INFO 45609 --- [demo] [           main] liquibase.database                       : Set default schema name to PUBLIC
2026-03-28T14:59:05.066+01:00  INFO 45609 --- [demo] [           main] liquibase.changelog                      : Reading from PUBLIC.DATABASECHANGELOG
2026-03-28T14:59:05.072+01:00  INFO 45609 --- [demo] [           main] liquibase.lockservice                    : Successfully acquired change log lock
2026-03-28T14:59:05.072+01:00  INFO 45609 --- [demo] [           main] liquibase.command                        : Using deploymentId: 4706345072
2026-03-28T14:59:05.072+01:00  INFO 45609 --- [demo] [           main] liquibase.changelog                      : Reading from PUBLIC.DATABASECHANGELOG
2026-03-28T14:59:05.073+01:00  INFO 45609 --- [demo] [           main] liquibase.util                           : UPDATE SUMMARY
2026-03-28T14:59:05.073+01:00  INFO 45609 --- [demo] [           main] liquibase.util                           : Run:                          0
2026-03-28T14:59:05.073+01:00  INFO 45609 --- [demo] [           main] liquibase.util                           : Previously run:               3
2026-03-28T14:59:05.073+01:00  INFO 45609 --- [demo] [           main] liquibase.util                           : Filtered out:                 0
2026-03-28T14:59:05.073+01:00  INFO 45609 --- [demo] [           main] liquibase.util                           : -------------------------------
2026-03-28T14:59:05.073+01:00  INFO 45609 --- [demo] [           main] liquibase.util                           : Total change sets:            3
2026-03-28T14:59:05.073+01:00  INFO 45609 --- [demo] [           main] liquibase.util                           : Update summary generated
2026-03-28T14:59:05.073+01:00  INFO 45609 --- [demo] [           main] liquibase.command                        : Update command completed successfully.
2026-03-28T14:59:05.073+01:00  INFO 45609 --- [demo] [           main] liquibase.ui                             : Liquibase: Update has been successful. Rows affected: 0
2026-03-28T14:59:05.073+01:00  INFO 45609 --- [demo] [           main] liquibase.lockservice                    : Successfully released change log lock
2026-03-28T14:59:05.074+01:00  INFO 45609 --- [demo] [           main] liquibase.command                        : Command execution complete
2026-03-28T14:59:05.080+01:00  INFO 45609 --- [demo] [           main] o.hibernate.jpa.internal.util.LogHelper  : HHH000204: Processing PersistenceUnitInfo [name: default]
2026-03-28T14:59:05.081+01:00  INFO 45609 --- [demo] [           main] o.h.c.internal.RegionFactoryInitiator    : HHH000026: Second-level cache disabled
2026-03-28T14:59:05.089+01:00  INFO 45609 --- [demo] [           main] o.s.o.j.p.SpringPersistenceUnitInfo      : No LoadTimeWeaver setup: ignoring JPA class transformer
2026-03-28T14:59:05.110+01:00  INFO 45609 --- [demo] [           main] o.h.e.t.j.p.i.JtaPlatformInitiator       : HHH000489: No JTA platform available (set 'hibernate.transaction.jta.platform' to enable JTA platform integration)
2026-03-28T14:59:05.111+01:00  INFO 45609 --- [demo] [           main] j.LocalContainerEntityManagerFactoryBean : Initialized JPA EntityManagerFactory for persistence unit 'default'
2026-03-28T14:59:05.161+01:00  INFO 45609 --- [demo] [           main] o.s.b.a.h2.H2ConsoleAutoConfiguration    : H2 console available at '/h2-console'. Database available at 'jdbc:h2:mem:product_catalog'
2026-03-28T14:59:05.167+01:00  INFO 45609 --- [demo] [           main] com.example.demo.DemoApplicationTests    : Started DemoApplicationTests in 0.21 seconds (process running for 3.372)
]]></system-out>
  </testcase>
</testsuite>